<?xml version="1.0" encoding="UTF-8"?>
<!-- Generated by org.testng.reporters.JUnitReportReporter -->
<testsuite hostname="QT-INBG-LT0376" failures="0" tests="10" name="LogUp" time="4.545" errors="0" timestamp="2022-09-19T10:45:06 IST" skipped="0">
  <testcase classname="LogUp" name="launchBrowser" time="2.477"/>
  <system-out/>
  <testcase classname="LogUp" name="clickOnSignUp" time="0.432"/>
  <system-out/>
  <testcase classname="LogUp" name="enterFirstName" time="0.085"/>
  <system-out/>
  <testcase classname="LogUp" name="enterLastName" time="0.072"/>
  <system-out/>
  <testcase classname="LogUp" name="enterMail" time="0.084"/>
  <system-out/>
  <testcase classname="LogUp" name="enterPassword" time="0.079"/>
  <system-out/>
  <testcase classname="LogUp" name="enterDOB" time="0.066"/>
  <system-out/>
  <testcase classname="LogUp" name="selectGender" time="0.056"/>
  <system-out/>
  <testcase classname="LogUp" name="enterPhoneNumber" time="0.062"/>
  <system-out/>
  <testcase classname="LogUp" name="clickOnRegister" time="1.132"/>
  <system-out/>
</testsuite> <!-- LogUp -->
