<?xml version="1.0" encoding="UTF-8"?>
<!-- Generated by org.testng.reporters.JUnitReportReporter -->
<testsuite hostname="QT-INBG-LT0376" failures="0" tests="4" name="LogIn" time="8.688" errors="0" timestamp="2022-09-19T10:45:06 IST" skipped="0">
  <testcase classname="LogIn" name="launchBrowser" time="5.398"/>
  <system-out/>
  <testcase classname="LogIn" name="enterUserName" time="0.087"/>
  <system-out/>
  <testcase classname="LogIn" name="enterPassword" time="3.080"/>
  <system-out/>
  <testcase classname="LogIn" name="clickOnLogin" time="0.123"/>
  <system-out/>
</testsuite> <!-- LogIn -->
