<?xml version="1.0" encoding="UTF-8"?>
<!-- Generated by org.testng.reporters.JUnitReportReporter -->
<testsuite hostname="QT-INBG-LT0376" failures="0" tests="7" name="CnctUs" time="10.438" errors="0" timestamp="2022-09-19T10:45:06 IST" skipped="0">
  <testcase classname="CnctUs" name="launchBrowser" time="2.550"/>
  <system-out/>
  <testcase classname="CnctUs" name="enterName" time="0.070"/>
  <system-out/>
  <testcase classname="CnctUs" name="clickContactUs" time="2.418"/>
  <system-out/>
  <testcase classname="CnctUs" name="enterMail" time="0.092"/>
  <system-out/>
  <testcase classname="CnctUs" name="enterPhoneNumber" time="0.069"/>
  <system-out/>
  <testcase classname="CnctUs" name="enterMessage" time="5.090"/>
  <system-out/>
  <testcase classname="CnctUs" name="clickOnSend" time="0.149"/>
  <system-out/>
</testsuite> <!-- CnctUs -->
